<?xml version="1.0" encoding="UTF-8"?>
<testsuite xmlns:xsi="http://www.w3.org/2001/XMLSchema-instance" xsi:noNamespaceSchemaLocation="https://maven.apache.org/surefire/maven-surefire-plugin/xsd/surefire-test-report.xsd" name="fr.esgi.PlanificationEntretiensTest" time="0.585" tests="3" errors="0" skipped="0" failures="0">
  <properties>
[...]
</properties>
  <testcase name="test_should_not_planifier_entretien_without_ConsultantRecruteur_with_competences" classname="fr.esgi.PlanificationEntretiensTest" time="0.02"/>
  <testcase name="test_should_planifier_entretien" classname="fr.esgi.PlanificationEntretiensTest" time="0"/>
  <testcase name="test_should_not_planifier_entretien_when_ConsultantRecruteur_is_busy" classname="fr.esgi.PlanificationEntretiensTest" time="0.002"/>
</testsuite>